<?xml version="1.0" encoding="UTF-8"?>
<!-- Generated by org.testng.reporters.JUnitReportReporter -->
<testsuite skipped="0" hostname="Shahin-PC" name="apitestrestassured.TcPostRequest" tests="1" failures="0" timestamp="21 Dec 2019 07:19:08 GMT" time="2.832" errors="0">
  <testcase name="RegistrationSuccessful" time="2.832" classname="apitestrestassured.TcPostRequest"/>
</testsuite> <!-- apitestrestassured.TcPostRequest -->
