<?xml version="1.0" encoding="UTF-8"?>
<!-- Generated by org.testng.reporters.JUnitReportReporter -->
<testsuite skipped="0" hostname="Shahin-PC" name="apitestrestassured.TcGetRequest" tests="1" failures="0" timestamp="26 Dec 2019 16:40:51 GMT" time="2.686" errors="0">
  <testcase name="getweatherDetails" time="2.686" classname="apitestrestassured.TcGetRequest"/>
</testsuite> <!-- apitestrestassured.TcGetRequest -->
