<?xml version="1.0" encoding="UTF-8"?>
<!-- Generated by org.testng.reporters.JUnitReportReporter -->
<testsuite skipped="0" hostname="Shahin-PC" name="apitestrestassured.TcGetRequeast003" tests="1" failures="0" timestamp="21 Dec 2019 08:37:44 GMT" time="2.023" errors="0">
  <testcase name="getweatherDetails" time="2.023" classname="apitestrestassured.TcGetRequeast003"/>
</testsuite> <!-- apitestrestassured.TcGetRequeast003 -->
